<?xml version="1.0" encoding="UTF-8"?>
<robot generator="Robot 4.0.3 (Python 3.8.1 on win32)" generated="20210708 15:02:42.986" rpa="false" schemaversion="2">
<suite id="s1" name="Test" source="c:\qaninja\robot\hello\test.robot">
<test id="s1-t1" name="Deve retornar mensagem de boas vindas">
<kw name="Welcome" library="app">
<var>${result}</var>
<arg>Pedro</arg>
<arg>João</arg>
<msg timestamp="20210708 15:02:43.069" level="INFO">${result} = Olá PedroJoão, Bem Vindo ao Curso Básico de Robot Framework!</msg>
<status status="PASS" starttime="20210708 15:02:43.069" endtime="20210708 15:02:43.069"/>
</kw>
<kw name="Should Be Equal" library="BuiltIn">
<arg>${result}</arg>
<arg>Olá Pedro João, Bem Vindo ao Curso Básico de Robot Framework!</arg>
<doc>Fails if the given objects are unequal.</doc>
<msg timestamp="20210708 15:02:43.071" level="FAIL">Olá PedroJoão, Bem Vindo ao Curso Básico de Robot Framework! != Olá Pedro João, Bem Vindo ao Curso Básico de Robot Framework!</msg>
<status status="FAIL" starttime="20210708 15:02:43.070" endtime="20210708 15:02:43.071"/>
</kw>
<status status="FAIL" starttime="20210708 15:02:43.068" endtime="20210708 15:02:43.088">Olá PedroJoão, Bem Vindo ao Curso Básico de Robot Framework! != Olá Pedro João, Bem Vindo ao Curso Básico de Robot Framework!</status>
</test>
<status status="FAIL" starttime="20210708 15:02:42.988" endtime="20210708 15:02:43.095"/>
</suite>
<statistics>
<total>
<stat pass="0" fail="1" skip="0">All Tests</stat>
</total>
<tag>
</tag>
<suite>
<stat pass="0" fail="1" skip="0" id="s1" name="Test">Test</stat>
</suite>
</statistics>
<errors>
</errors>
</robot>
