<?xml version="1.0" encoding="UTF-8"?>
<robot generator="Robot 4.1.2 (Python 3.8.1 on win32)" generated="20211201 11:36:56.234" rpa="false" schemaversion="2">
<suite id="s1" name="Hsm" source="C:\MedPass\robot\web\tests\hsm.robot">
<test id="s1-t1" name="Gerando pessoa e cadastrando no HSM">
<kw name="Nova sessão" library="hsmBase" type="SETUP">
<kw name="Open Browser" library="SeleniumLibrary">
<arg>${url}</arg>
<arg>chrome</arg>
<doc>Opens a new browser instance to the optional ``url``.</doc>
<msg timestamp="20211201 11:36:56.486" level="INFO">Opening browser 'chrome' to base url 'https://www.4devs.com.br/gerador_de_pessoas'.</msg>
<status status="PASS" starttime="20211201 11:36:56.485" endtime="20211201 11:37:04.022"/>
</kw>
<kw name="Maximize Browser Window" library="SeleniumLibrary">
<doc>Maximizes current browser window.</doc>
<status status="PASS" starttime="20211201 11:37:04.022" endtime="20211201 11:37:04.152"/>
</kw>
<status status="PASS" starttime="20211201 11:36:56.485" endtime="20211201 11:37:04.152"/>
</kw>
<kw name="Click Button" library="SeleniumLibrary">
<arg>id:bt_gerar_pessoa</arg>
<doc>Clicks the button identified by ``locator``.</doc>
<msg timestamp="20211201 11:37:04.153" level="INFO">Clicking button 'id:bt_gerar_pessoa'.</msg>
<status status="PASS" starttime="20211201 11:37:04.153" endtime="20211201 11:37:04.210"/>
</kw>
<kw name="Sleep" library="BuiltIn">
<arg>2</arg>
<doc>Pauses the test executed for the given time.</doc>
<msg timestamp="20211201 11:37:06.214" level="INFO">Slept 2 seconds</msg>
<status status="PASS" starttime="20211201 11:37:04.211" endtime="20211201 11:37:06.214"/>
</kw>
<kw name="Get Text" library="SeleniumLibrary">
<var>${fullName}</var>
<arg>id:nome</arg>
<doc>Returns the text value of the element identified by ``locator``.</doc>
<msg timestamp="20211201 11:37:06.241" level="INFO">${fullName} = Iago Vitor Monteiro</msg>
<status status="PASS" starttime="20211201 11:37:06.214" endtime="20211201 11:37:06.241"/>
</kw>
<kw name="Get Text" library="SeleniumLibrary">
<var>${user.email}</var>
<arg>id:email</arg>
<doc>Returns the text value of the element identified by ``locator``.</doc>
<msg timestamp="20211201 11:37:06.261" level="INFO">${user.email} = iiagovitormonteiro@leonardocordeiro.com</msg>
<status status="PASS" starttime="20211201 11:37:06.241" endtime="20211201 11:37:06.261"/>
</kw>
<kw name="Get Text" library="SeleniumLibrary">
<var>${document}</var>
<arg>id:cpf</arg>
<doc>Returns the text value of the element identified by ``locator``.</doc>
<msg timestamp="20211201 11:37:06.280" level="INFO">${document} = 135.106.701-08</msg>
<status status="PASS" starttime="20211201 11:37:06.262" endtime="20211201 11:37:06.280"/>
</kw>
<kw name="Get Text" library="SeleniumLibrary">
<var>${birthDate}</var>
<arg>id:data_nasc</arg>
<doc>Returns the text value of the element identified by ``locator``.</doc>
<msg timestamp="20211201 11:37:06.301" level="INFO">${birthDate} = 12/11/1980</msg>
<status status="PASS" starttime="20211201 11:37:06.280" endtime="20211201 11:37:06.301"/>
</kw>
<kw name="Get Text" library="SeleniumLibrary">
<var>${password}</var>
<arg>id:senha</arg>
<doc>Returns the text value of the element identified by ``locator``.</doc>
<msg timestamp="20211201 11:37:06.320" level="INFO">${password} = icuGouwcw8</msg>
<status status="PASS" starttime="20211201 11:37:06.301" endtime="20211201 11:37:06.320"/>
</kw>
<kw name="Get Text" library="SeleniumLibrary">
<var>${passwordConfirmation}</var>
<arg>id:senha</arg>
<doc>Returns the text value of the element identified by ``locator``.</doc>
<msg timestamp="20211201 11:37:06.331" level="INFO">${passwordConfirmation} = icuGouwcw8</msg>
<status status="PASS" starttime="20211201 11:37:06.320" endtime="20211201 11:37:06.331"/>
</kw>
<kw name="Get Text" library="SeleniumLibrary">
<var>${cellPhoneDDD}</var>
<arg>id:celular</arg>
<doc>Returns the text value of the element identified by ``locator``.</doc>
<msg timestamp="20211201 11:37:06.351" level="INFO">${cellPhoneDDD} = (75) 98855-2524</msg>
<status status="PASS" starttime="20211201 11:37:06.332" endtime="20211201 11:37:06.351"/>
</kw>
<kw name="Get Text" library="SeleniumLibrary">
<var>${cellPhoneNumber}</var>
<arg>id:celular</arg>
<doc>Returns the text value of the element identified by ``locator``.</doc>
<msg timestamp="20211201 11:37:06.361" level="INFO">${cellPhoneNumber} = (75) 98855-2524</msg>
<status status="PASS" starttime="20211201 11:37:06.351" endtime="20211201 11:37:06.361"/>
</kw>
<kw name="Go To" library="SeleniumLibrary">
<arg>http://hsmonline.com.br/</arg>
<doc>Navigates the current browser window to the provided ``url``.</doc>
<msg timestamp="20211201 11:37:06.362" level="INFO">Opening url 'http://hsmonline.com.br/'</msg>
<status status="PASS" starttime="20211201 11:37:06.362" endtime="20211201 11:37:08.045"/>
</kw>
<kw name="Wait Until Page Contains" library="SeleniumLibrary">
<arg>Sem saúde mental não tem saúde!</arg>
<doc>Waits until ``text`` appears on the current page.</doc>
<status status="PASS" starttime="20211201 11:37:08.045" endtime="20211201 11:37:08.057"/>
</kw>
<kw name="Title Should Be" library="SeleniumLibrary">
<arg>MedPass &amp; Hospital Santa Mônica</arg>
<doc>Verifies that the current page title equals ``title``.</doc>
<msg timestamp="20211201 11:37:08.062" level="INFO">Page title is 'MedPass &amp; Hospital Santa Mônica'.</msg>
<status status="PASS" starttime="20211201 11:37:08.057" endtime="20211201 11:37:08.062"/>
</kw>
<kw name="Click Button" library="SeleniumLibrary">
<arg>//*[@id="root"]/div/div/div[2]/button</arg>
<doc>Clicks the button identified by ``locator``.</doc>
<msg timestamp="20211201 11:37:08.062" level="INFO">Clicking button '//*[@id="root"]/div/div/div[2]/button'.</msg>
<status status="PASS" starttime="20211201 11:37:08.062" endtime="20211201 11:37:08.128"/>
</kw>
<kw name="Sleep" library="BuiltIn">
<arg>1</arg>
<doc>Pauses the test executed for the given time.</doc>
<msg timestamp="20211201 11:37:09.133" level="INFO">Slept 1 second</msg>
<status status="PASS" starttime="20211201 11:37:08.129" endtime="20211201 11:37:09.133"/>
</kw>
<kw name="Wait Until Page Contains" library="SeleniumLibrary">
<arg>Cadastre-se para liberar sua consulta gratuita</arg>
<doc>Waits until ``text`` appears on the current page.</doc>
<status status="PASS" starttime="20211201 11:37:09.133" endtime="20211201 11:37:09.142"/>
</kw>
<kw name="Input Text" library="SeleniumLibrary">
<arg>name:fullName</arg>
<arg>${fullName}</arg>
<doc>Types the given ``text`` into the text field identified by ``locator``.</doc>
<msg timestamp="20211201 11:37:09.143" level="INFO">Typing text 'Iago Vitor Monteiro' into text field 'name:fullName'.</msg>
<status status="PASS" starttime="20211201 11:37:09.143" endtime="20211201 11:37:09.217"/>
</kw>
<kw name="Sleep" library="BuiltIn">
<arg>0.5</arg>
<doc>Pauses the test executed for the given time.</doc>
<msg timestamp="20211201 11:37:09.730" level="INFO">Slept 500 milliseconds</msg>
<status status="PASS" starttime="20211201 11:37:09.217" endtime="20211201 11:37:09.730"/>
</kw>
<kw name="Input Text" library="SeleniumLibrary">
<arg>name:user.email</arg>
<arg>${user.email}</arg>
<doc>Types the given ``text`` into the text field identified by ``locator``.</doc>
<msg timestamp="20211201 11:37:09.731" level="INFO">Typing text 'iiagovitormonteiro@leonardocordeiro.com' into text field 'name:user.email'.</msg>
<status status="PASS" starttime="20211201 11:37:09.730" endtime="20211201 11:37:09.817"/>
</kw>
<kw name="Sleep" library="BuiltIn">
<arg>0.5</arg>
<doc>Pauses the test executed for the given time.</doc>
<msg timestamp="20211201 11:37:10.328" level="INFO">Slept 500 milliseconds</msg>
<status status="PASS" starttime="20211201 11:37:09.818" endtime="20211201 11:37:10.328"/>
</kw>
<kw name="Input Text" library="SeleniumLibrary">
<arg>name:document</arg>
<arg>${document}</arg>
<doc>Types the given ``text`` into the text field identified by ``locator``.</doc>
<msg timestamp="20211201 11:37:10.329" level="INFO">Typing text '135.106.701-08' into text field 'name:document'.</msg>
<status status="PASS" starttime="20211201 11:37:10.328" endtime="20211201 11:37:10.399"/>
</kw>
<kw name="Sleep" library="BuiltIn">
<arg>0.5</arg>
<doc>Pauses the test executed for the given time.</doc>
<msg timestamp="20211201 11:37:10.908" level="INFO">Slept 500 milliseconds</msg>
<status status="PASS" starttime="20211201 11:37:10.400" endtime="20211201 11:37:10.908"/>
</kw>
<kw name="Input Text" library="SeleniumLibrary">
<arg>name:birthDate</arg>
<arg>${birthDate}</arg>
<doc>Types the given ``text`` into the text field identified by ``locator``.</doc>
<msg timestamp="20211201 11:37:10.909" level="INFO">Typing text '12/11/1980' into text field 'name:birthDate'.</msg>
<status status="PASS" starttime="20211201 11:37:10.908" endtime="20211201 11:37:10.978"/>
</kw>
<kw name="Sleep" library="BuiltIn">
<arg>0.5</arg>
<doc>Pauses the test executed for the given time.</doc>
<msg timestamp="20211201 11:37:11.485" level="INFO">Slept 500 milliseconds</msg>
<status status="PASS" starttime="20211201 11:37:10.979" endtime="20211201 11:37:11.485"/>
</kw>
<kw name="Input Password" library="SeleniumLibrary">
<arg>name:user.password</arg>
<arg>${password}</arg>
<doc>Types the given password into the text field identified by ``locator``.</doc>
<msg timestamp="20211201 11:37:11.486" level="INFO">Typing password into text field 'name:user.password'.</msg>
<msg timestamp="20211201 11:37:11.516" level="INFO">Temporally setting log level to: NONE</msg>
<msg timestamp="20211201 11:37:11.550" level="INFO">Log level changed from NONE to INFO.</msg>
<status status="PASS" starttime="20211201 11:37:11.485" endtime="20211201 11:37:11.550"/>
</kw>
<kw name="Sleep" library="BuiltIn">
<arg>0.5</arg>
<doc>Pauses the test executed for the given time.</doc>
<msg timestamp="20211201 11:37:12.063" level="INFO">Slept 500 milliseconds</msg>
<status status="PASS" starttime="20211201 11:37:11.550" endtime="20211201 11:37:12.063"/>
</kw>
<kw name="Input Text" library="SeleniumLibrary">
<arg>name:user.passwordConfirmation</arg>
<arg>${password}</arg>
<doc>Types the given ``text`` into the text field identified by ``locator``.</doc>
<msg timestamp="20211201 11:37:12.064" level="INFO">Typing text 'icuGouwcw8' into text field 'name:user.passwordConfirmation'.</msg>
<status status="PASS" starttime="20211201 11:37:12.063" endtime="20211201 11:37:12.130"/>
</kw>
<kw name="Sleep" library="BuiltIn">
<arg>0.5</arg>
<doc>Pauses the test executed for the given time.</doc>
<msg timestamp="20211201 11:37:12.632" level="INFO">Slept 500 milliseconds</msg>
<status status="PASS" starttime="20211201 11:37:12.130" endtime="20211201 11:37:12.632"/>
</kw>
<kw name="Input Text" library="SeleniumLibrary">
<arg>name:cellPhoneDDD</arg>
<arg>48</arg>
<doc>Types the given ``text`` into the text field identified by ``locator``.</doc>
<msg timestamp="20211201 11:37:12.633" level="INFO">Typing text '48' into text field 'name:cellPhoneDDD'.</msg>
<status status="PASS" starttime="20211201 11:37:12.632" endtime="20211201 11:37:12.692"/>
</kw>
<kw name="Sleep" library="BuiltIn">
<arg>0.5</arg>
<doc>Pauses the test executed for the given time.</doc>
<msg timestamp="20211201 11:37:13.206" level="INFO">Slept 500 milliseconds</msg>
<status status="PASS" starttime="20211201 11:37:12.693" endtime="20211201 11:37:13.206"/>
</kw>
<kw name="Input Text" library="SeleniumLibrary">
<arg>name:cellPhoneNumber</arg>
<arg>991589775</arg>
<doc>Types the given ``text`` into the text field identified by ``locator``.</doc>
<msg timestamp="20211201 11:37:13.207" level="INFO">Typing text '991589775' into text field 'name:cellPhoneNumber'.</msg>
<status status="PASS" starttime="20211201 11:37:13.206" endtime="20211201 11:37:13.273"/>
</kw>
<kw name="Sleep" library="BuiltIn">
<arg>0.5</arg>
<doc>Pauses the test executed for the given time.</doc>
<msg timestamp="20211201 11:37:13.788" level="INFO">Slept 500 milliseconds</msg>
<status status="PASS" starttime="20211201 11:37:13.274" endtime="20211201 11:37:13.788"/>
</kw>
<kw name="Click Element" library="SeleniumLibrary">
<arg>class:check-mark</arg>
<doc>Click the element identified by ``locator``.</doc>
<msg timestamp="20211201 11:37:13.789" level="INFO">Clicking element 'class:check-mark'.</msg>
<status status="PASS" starttime="20211201 11:37:13.788" endtime="20211201 11:37:13.823"/>
</kw>
<kw name="Sleep" library="BuiltIn">
<arg>0.5</arg>
<doc>Pauses the test executed for the given time.</doc>
<msg timestamp="20211201 11:37:14.339" level="INFO">Slept 500 milliseconds</msg>
<status status="PASS" starttime="20211201 11:37:13.824" endtime="20211201 11:37:14.339"/>
</kw>
<kw name="Log" library="BuiltIn">
<arg>${user.email}</arg>
<doc>Logs the given message with the given level.</doc>
<msg timestamp="20211201 11:37:14.340" level="INFO">iiagovitormonteiro@leonardocordeiro.com</msg>
<status status="PASS" starttime="20211201 11:37:14.339" endtime="20211201 11:37:14.340"/>
</kw>
<kw name="Log To Console" library="BuiltIn">
<arg>${user.email}</arg>
<doc>Logs the given message to the console.</doc>
<status status="PASS" starttime="20211201 11:37:14.340" endtime="20211201 11:37:14.340"/>
</kw>
<kw name="Log" library="BuiltIn">
<arg>${password}</arg>
<doc>Logs the given message with the given level.</doc>
<msg timestamp="20211201 11:37:14.341" level="INFO">icuGouwcw8</msg>
<status status="PASS" starttime="20211201 11:37:14.340" endtime="20211201 11:37:14.341"/>
</kw>
<kw name="Log To Console" library="BuiltIn">
<arg>${password}</arg>
<doc>Logs the given message to the console.</doc>
<status status="PASS" starttime="20211201 11:37:14.341" endtime="20211201 11:37:14.341"/>
</kw>
<kw name="Encerra sessão" library="hsmBase" type="TEARDOWN">
<kw name="Capture Page Screenshot" library="SeleniumLibrary">
<doc>Takes a screenshot of the current page and embeds it into a log file.</doc>
<msg timestamp="20211201 11:37:14.613" level="INFO" html="true">&lt;/td&gt;&lt;/tr&gt;&lt;tr&gt;&lt;td colspan="3"&gt;&lt;a href="selenium-screenshot-34.png"&gt;&lt;img src="selenium-screenshot-34.png" width="800px"&gt;&lt;/a&gt;</msg>
<status status="PASS" starttime="20211201 11:37:14.342" endtime="20211201 11:37:14.613"/>
</kw>
<status status="PASS" starttime="20211201 11:37:14.342" endtime="20211201 11:37:14.614"/>
</kw>
<status status="PASS" starttime="20211201 11:36:56.484" endtime="20211201 11:37:14.614"/>
</test>
<status status="PASS" starttime="20211201 11:36:56.236" endtime="20211201 11:37:14.615"/>
</suite>
<statistics>
<total>
<stat pass="1" fail="0" skip="0">All Tests</stat>
</total>
<tag>
</tag>
<suite>
<stat pass="1" fail="0" skip="0" id="s1" name="Hsm">Hsm</stat>
</suite>
</statistics>
<errors>
</errors>
</robot>
