<?xml version="1.0" encoding="UTF-8"?>
<robot generator="Robot 4.0.3 (Python 3.8.1 on win32)" generated="20210708 14:53:25.459" rpa="false" schemaversion="2">
<suite id="s1" name="Tests" source="c:\qaninja\robot\web\tests">
<suite id="s1-s1" name="Checkbox" source="c:\qaninja\robot\web\tests\checkbox.robot">
<test id="s1-s1-t1" name="Marcando opção com Id">
<kw name="Nova sessão" library="base" type="SETUP">
<kw name="Open Browser" library="SeleniumLibrary">
<arg>${url}</arg>
<arg>chrome</arg>
<doc>Opens a new browser instance to the optional ``url``.</doc>
<msg timestamp="20210708 14:53:25.901" level="INFO">Opening browser 'chrome' to base url 'http://training-wheels-protocol.herokuapp.com/'.</msg>
<status status="PASS" starttime="20210708 14:53:25.901" endtime="20210708 14:53:31.606"/>
</kw>
<status status="PASS" starttime="20210708 14:53:25.900" endtime="20210708 14:53:31.607"/>
</kw>
<kw name="Go To" library="SeleniumLibrary">
<arg>${url}/checkboxes</arg>
<doc>Navigates the current browser window to the provided ``url``.</doc>
<msg timestamp="20210708 14:53:31.674" level="INFO">Opening url 'http://training-wheels-protocol.herokuapp.com//checkboxes'</msg>
<status status="PASS" starttime="20210708 14:53:31.673" endtime="20210708 14:53:32.394"/>
</kw>
<kw name="Select Checkbox" library="SeleniumLibrary">
<arg>${check_thor}</arg>
<doc>Selects the checkbox identified by ``locator``.</doc>
<msg timestamp="20210708 14:53:32.423" level="INFO">Selecting checkbox 'id:thor'.</msg>
<status status="PASS" starttime="20210708 14:53:32.423" endtime="20210708 14:53:32.694"/>
</kw>
<kw name="Checkbox Should Be Selected" library="SeleniumLibrary">
<arg>${check_thor}</arg>
<doc>Verifies checkbox ``locator`` is selected/checked.</doc>
<msg timestamp="20210708 14:53:32.704" level="INFO">Verifying checkbox 'id:thor' is selected.</msg>
<status status="PASS" starttime="20210708 14:53:32.704" endtime="20210708 14:53:32.801"/>
</kw>
<kw name="Encerra sessão" library="base" type="TEARDOWN">
<kw name="Close Browser" library="SeleniumLibrary">
<doc>Closes the current browser.</doc>
<status status="PASS" starttime="20210708 14:53:32.808" endtime="20210708 14:53:37.057"/>
</kw>
<status status="PASS" starttime="20210708 14:53:32.808" endtime="20210708 14:53:37.058"/>
</kw>
<status status="PASS" starttime="20210708 14:53:25.899" endtime="20210708 14:53:37.058"/>
</test>
<test id="s1-s1-t2" name="Marcando opção com CSS Selector">
<kw name="Nova sessão" library="base" type="SETUP">
<kw name="Open Browser" library="SeleniumLibrary">
<arg>${url}</arg>
<arg>chrome</arg>
<doc>Opens a new browser instance to the optional ``url``.</doc>
<msg timestamp="20210708 14:53:37.061" level="INFO">Opening browser 'chrome' to base url 'http://training-wheels-protocol.herokuapp.com/'.</msg>
<status status="PASS" starttime="20210708 14:53:37.061" endtime="20210708 14:53:42.709"/>
</kw>
<status status="PASS" starttime="20210708 14:53:37.060" endtime="20210708 14:53:42.710"/>
</kw>
<kw name="Go To" library="SeleniumLibrary">
<arg>${url}/checkboxes</arg>
<doc>Navigates the current browser window to the provided ``url``.</doc>
<msg timestamp="20210708 14:53:42.751" level="INFO">Opening url 'http://training-wheels-protocol.herokuapp.com//checkboxes'</msg>
<status status="PASS" starttime="20210708 14:53:42.751" endtime="20210708 14:53:43.637"/>
</kw>
<kw name="Select Checkbox" library="SeleniumLibrary">
<arg>css:input[value='iron-man']</arg>
<doc>Selects the checkbox identified by ``locator``.</doc>
<msg timestamp="20210708 14:53:43.709" level="INFO">Selecting checkbox 'css:input[value='iron-man']'.</msg>
<status status="PASS" starttime="20210708 14:53:43.708" endtime="20210708 14:53:43.977"/>
</kw>
<kw name="Checkbox Should Be Selected" library="SeleniumLibrary">
<arg>css:input[value='iron-man']</arg>
<doc>Verifies checkbox ``locator`` is selected/checked.</doc>
<msg timestamp="20210708 14:53:44.008" level="INFO">Verifying checkbox 'css:input[value='iron-man']' is selected.</msg>
<status status="PASS" starttime="20210708 14:53:44.008" endtime="20210708 14:53:44.070"/>
</kw>
<kw name="Encerra sessão" library="base" type="TEARDOWN">
<kw name="Close Browser" library="SeleniumLibrary">
<doc>Closes the current browser.</doc>
<status status="PASS" starttime="20210708 14:53:44.073" endtime="20210708 14:53:47.023"/>
</kw>
<status status="PASS" starttime="20210708 14:53:44.073" endtime="20210708 14:53:47.024"/>
</kw>
<tag>ironman</tag>
<status status="PASS" starttime="20210708 14:53:37.059" endtime="20210708 14:53:47.024"/>
</test>
<test id="s1-s1-t3" name="Marcando opção com Xpath">
<kw name="Nova sessão" library="base" type="SETUP">
<kw name="Open Browser" library="SeleniumLibrary">
<arg>${url}</arg>
<arg>chrome</arg>
<doc>Opens a new browser instance to the optional ``url``.</doc>
<msg timestamp="20210708 14:53:47.027" level="INFO">Opening browser 'chrome' to base url 'http://training-wheels-protocol.herokuapp.com/'.</msg>
<status status="PASS" starttime="20210708 14:53:47.027" endtime="20210708 14:53:52.681"/>
</kw>
<status status="PASS" starttime="20210708 14:53:47.026" endtime="20210708 14:53:52.681"/>
</kw>
<kw name="Go To" library="SeleniumLibrary">
<arg>${url}/checkboxes</arg>
<doc>Navigates the current browser window to the provided ``url``.</doc>
<msg timestamp="20210708 14:53:52.691" level="INFO">Opening url 'http://training-wheels-protocol.herokuapp.com//checkboxes'</msg>
<status status="PASS" starttime="20210708 14:53:52.690" endtime="20210708 14:53:53.298"/>
</kw>
<kw name="Select Checkbox" library="SeleniumLibrary">
<arg>${check_panther}</arg>
<doc>Selects the checkbox identified by ``locator``.</doc>
<msg timestamp="20210708 14:53:53.318" level="INFO">Selecting checkbox 'xpath://*[@id='checkboxes']/input[7]'.</msg>
<status status="PASS" starttime="20210708 14:53:53.317" endtime="20210708 14:53:53.484"/>
</kw>
<kw name="Checkbox Should Be Selected" library="SeleniumLibrary">
<arg>${check_panther}</arg>
<doc>Verifies checkbox ``locator`` is selected/checked.</doc>
<msg timestamp="20210708 14:53:53.486" level="INFO">Verifying checkbox 'xpath://*[@id='checkboxes']/input[7]' is selected.</msg>
<status status="PASS" starttime="20210708 14:53:53.485" endtime="20210708 14:53:53.522"/>
</kw>
<kw name="Encerra sessão" library="base" type="TEARDOWN">
<kw name="Close Browser" library="SeleniumLibrary">
<doc>Closes the current browser.</doc>
<status status="PASS" starttime="20210708 14:53:53.524" endtime="20210708 14:53:55.945"/>
</kw>
<status status="PASS" starttime="20210708 14:53:53.523" endtime="20210708 14:53:55.946"/>
</kw>
<tag>Xpath</tag>
<status status="PASS" starttime="20210708 14:53:47.025" endtime="20210708 14:53:55.946"/>
</test>
<status status="PASS" starttime="20210708 14:53:25.521" endtime="20210708 14:53:55.949"/>
</suite>
<suite id="s1-s2" name="Title" source="c:\qaninja\robot\web\tests\title.robot">
<test id="s1-s2-t1" name="Should Return Page Title">
<kw name="Nova sessão" library="base" type="SETUP">
<kw name="Open Browser" library="SeleniumLibrary">
<arg>${url}</arg>
<arg>chrome</arg>
<doc>Opens a new browser instance to the optional ``url``.</doc>
<msg timestamp="20210708 14:53:55.966" level="INFO">Opening browser 'chrome' to base url 'http://training-wheels-protocol.herokuapp.com/'.</msg>
<status status="PASS" starttime="20210708 14:53:55.965" endtime="20210708 14:53:59.882"/>
</kw>
<status status="PASS" starttime="20210708 14:53:55.964" endtime="20210708 14:53:59.882"/>
</kw>
<kw name="Title Should Be" library="SeleniumLibrary">
<arg>Training Wheels Protocol</arg>
<doc>Verifies that the current page title equals ``title``.</doc>
<msg timestamp="20210708 14:53:59.936" level="INFO">Page title is 'Training Wheels Protocol'.</msg>
<status status="PASS" starttime="20210708 14:53:59.930" endtime="20210708 14:53:59.936"/>
</kw>
<kw name="Encerra sessão" library="base" type="TEARDOWN">
<kw name="Close Browser" library="SeleniumLibrary">
<doc>Closes the current browser.</doc>
<status status="PASS" starttime="20210708 14:53:59.937" endtime="20210708 14:54:02.505"/>
</kw>
<status status="PASS" starttime="20210708 14:53:59.937" endtime="20210708 14:54:02.506"/>
</kw>
<status status="PASS" starttime="20210708 14:53:55.963" endtime="20210708 14:54:02.506"/>
</test>
<status status="PASS" starttime="20210708 14:53:55.954" endtime="20210708 14:54:02.509"/>
</suite>
<status status="PASS" starttime="20210708 14:53:25.462" endtime="20210708 14:54:02.514"/>
</suite>
<statistics>
<total>
<stat pass="4" fail="0" skip="0">All Tests</stat>
</total>
<tag>
<stat pass="1" fail="0" skip="0">ironman</stat>
<stat pass="1" fail="0" skip="0">Xpath</stat>
</tag>
<suite>
<stat pass="4" fail="0" skip="0" id="s1" name="Tests">Tests</stat>
<stat pass="3" fail="0" skip="0" id="s1-s1" name="Checkbox">Tests.Checkbox</stat>
<stat pass="1" fail="0" skip="0" id="s1-s2" name="Title">Tests.Title</stat>
</suite>
</statistics>
<errors>
</errors>
</robot>
