<?xml version="1.0" encoding="UTF-8"?>
<robot generator="Robot 4.0.3 (Python 3.8.1 on win32)" generated="20210708 16:32:21.135" rpa="false" schemaversion="2">
<suite id="s1" name="Select" source="c:\qaninja\robot\web\tests\select.robot">
<test id="s1-t1" name="Selecionar por texto e validar pelo valor">
<kw name="Nova sessão" library="base" type="SETUP">
<kw name="Open Browser" library="SeleniumLibrary">
<arg>${url}</arg>
<arg>chrome</arg>
<doc>Opens a new browser instance to the optional ``url``.</doc>
<msg timestamp="20210708 16:32:21.519" level="INFO">Opening browser 'chrome' to base url 'http://training-wheels-protocol.herokuapp.com/'.</msg>
<status status="PASS" starttime="20210708 16:32:21.518" endtime="20210708 16:32:25.832"/>
</kw>
<status status="PASS" starttime="20210708 16:32:21.518" endtime="20210708 16:32:25.833"/>
</kw>
<kw name="Go To" library="SeleniumLibrary">
<arg>${url}/dropdown</arg>
<doc>Navigates the current browser window to the provided ``url``.</doc>
<msg timestamp="20210708 16:32:25.842" level="INFO">Opening url 'http://training-wheels-protocol.herokuapp.com//dropdown'</msg>
<status status="PASS" starttime="20210708 16:32:25.841" endtime="20210708 16:32:26.313"/>
</kw>
<kw name="Select From List By Label" library="SeleniumLibrary">
<arg>class:avenger-list</arg>
<arg>Scott Lang</arg>
<doc>Selects options from selection list ``locator`` by ``labels``.</doc>
<msg timestamp="20210708 16:32:26.358" level="INFO">Selecting options from selection list 'class:avenger-list' by label Scott Lang.</msg>
<status status="PASS" starttime="20210708 16:32:26.358" endtime="20210708 16:32:26.660"/>
</kw>
<kw name="Sleep" library="BuiltIn">
<arg>2</arg>
<doc>Pauses the test executed for the given time.</doc>
<msg timestamp="20210708 16:32:28.669" level="INFO">Slept 2 seconds</msg>
<status status="PASS" starttime="20210708 16:32:26.663" endtime="20210708 16:32:28.669"/>
</kw>
<kw name="Get Selected List Value" library="SeleniumLibrary">
<var>${selected}</var>
<arg>id:dropdown</arg>
<doc>Returns the value of selected option from selection list ``locator``.</doc>
<msg timestamp="20210708 16:32:28.812" level="INFO">${selected} = 7</msg>
<status status="PASS" starttime="20210708 16:32:28.670" endtime="20210708 16:32:28.812"/>
</kw>
<kw name="Should Be Equal" library="BuiltIn">
<arg>${selected}</arg>
<arg>7</arg>
<doc>Fails if the given objects are unequal.</doc>
<status status="PASS" starttime="20210708 16:32:28.816" endtime="20210708 16:32:28.816"/>
</kw>
<kw name="Sleep" library="BuiltIn">
<arg>2</arg>
<doc>Pauses the test executed for the given time.</doc>
<msg timestamp="20210708 16:32:30.824" level="INFO">Slept 2 seconds</msg>
<status status="PASS" starttime="20210708 16:32:28.817" endtime="20210708 16:32:30.824"/>
</kw>
<kw name="Encerra sessão" library="base" type="TEARDOWN">
<kw name="Capture Page Screenshot" library="SeleniumLibrary">
<doc>Takes a screenshot of the current page and embeds it into a log file.</doc>
<msg timestamp="20210708 16:32:31.038" level="INFO" html="true">&lt;/td&gt;&lt;/tr&gt;&lt;tr&gt;&lt;td colspan="3"&gt;&lt;a href="selenium-screenshot-13.png"&gt;&lt;img src="selenium-screenshot-13.png" width="800px"&gt;&lt;/a&gt;</msg>
<status status="PASS" starttime="20210708 16:32:30.826" endtime="20210708 16:32:31.039"/>
</kw>
<kw name="Close Browser" library="SeleniumLibrary">
<doc>Closes the current browser.</doc>
<status status="PASS" starttime="20210708 16:32:31.039" endtime="20210708 16:32:33.588"/>
</kw>
<status status="PASS" starttime="20210708 16:32:30.825" endtime="20210708 16:32:33.589"/>
</kw>
<status status="PASS" starttime="20210708 16:32:21.517" endtime="20210708 16:32:33.589"/>
</test>
<test id="s1-t2" name="Selecionar pelo valor e validar pelo texto">
<kw name="Nova sessão" library="base" type="SETUP">
<kw name="Open Browser" library="SeleniumLibrary">
<arg>${url}</arg>
<arg>chrome</arg>
<doc>Opens a new browser instance to the optional ``url``.</doc>
<msg timestamp="20210708 16:32:33.593" level="INFO">Opening browser 'chrome' to base url 'http://training-wheels-protocol.herokuapp.com/'.</msg>
<status status="PASS" starttime="20210708 16:32:33.592" endtime="20210708 16:32:38.255"/>
</kw>
<status status="PASS" starttime="20210708 16:32:33.592" endtime="20210708 16:32:38.256"/>
</kw>
<kw name="Go To" library="SeleniumLibrary">
<arg>${url}/dropdown</arg>
<doc>Navigates the current browser window to the provided ``url``.</doc>
<msg timestamp="20210708 16:32:38.265" level="INFO">Opening url 'http://training-wheels-protocol.herokuapp.com//dropdown'</msg>
<status status="PASS" starttime="20210708 16:32:38.265" endtime="20210708 16:32:38.828"/>
</kw>
<kw name="Select From List By Value" library="SeleniumLibrary">
<arg>id:dropdown</arg>
<arg>6</arg>
<doc>Selects options from selection list ``locator`` by ``values``.</doc>
<msg timestamp="20210708 16:32:38.829" level="INFO">Selecting options from selection list 'id:dropdown' by value 6.</msg>
<status status="PASS" starttime="20210708 16:32:38.828" endtime="20210708 16:32:39.059"/>
</kw>
<kw name="Sleep" library="BuiltIn">
<arg>2</arg>
<doc>Pauses the test executed for the given time.</doc>
<msg timestamp="20210708 16:32:41.067" level="INFO">Slept 2 seconds</msg>
<status status="PASS" starttime="20210708 16:32:39.062" endtime="20210708 16:32:41.067"/>
</kw>
<kw name="Get Selected List Label" library="SeleniumLibrary">
<var>${selected}</var>
<arg>id:dropdown</arg>
<doc>Returns the label of selected option from selection list ``locator``.</doc>
<msg timestamp="20210708 16:32:41.231" level="INFO">${selected} = Loki</msg>
<status status="PASS" starttime="20210708 16:32:41.068" endtime="20210708 16:32:41.231"/>
</kw>
<kw name="Should Be Equal" library="BuiltIn">
<arg>${selected}</arg>
<arg>Loki</arg>
<doc>Fails if the given objects are unequal.</doc>
<status status="PASS" starttime="20210708 16:32:41.231" endtime="20210708 16:32:41.232"/>
</kw>
<kw name="Sleep" library="BuiltIn">
<arg>2</arg>
<doc>Pauses the test executed for the given time.</doc>
<msg timestamp="20210708 16:32:43.242" level="INFO">Slept 2 seconds</msg>
<status status="PASS" starttime="20210708 16:32:41.232" endtime="20210708 16:32:43.242"/>
</kw>
<kw name="Encerra sessão" library="base" type="TEARDOWN">
<kw name="Capture Page Screenshot" library="SeleniumLibrary">
<doc>Takes a screenshot of the current page and embeds it into a log file.</doc>
<msg timestamp="20210708 16:32:44.195" level="INFO" html="true">&lt;/td&gt;&lt;/tr&gt;&lt;tr&gt;&lt;td colspan="3"&gt;&lt;a href="selenium-screenshot-14.png"&gt;&lt;img src="selenium-screenshot-14.png" width="800px"&gt;&lt;/a&gt;</msg>
<status status="PASS" starttime="20210708 16:32:43.520" endtime="20210708 16:32:44.195"/>
</kw>
<kw name="Close Browser" library="SeleniumLibrary">
<doc>Closes the current browser.</doc>
<status status="PASS" starttime="20210708 16:32:44.195" endtime="20210708 16:32:46.993"/>
</kw>
<status status="PASS" starttime="20210708 16:32:43.519" endtime="20210708 16:32:46.994"/>
</kw>
<status status="PASS" starttime="20210708 16:32:33.591" endtime="20210708 16:32:46.994"/>
</test>
<status status="PASS" starttime="20210708 16:32:21.138" endtime="20210708 16:32:46.996"/>
</suite>
<statistics>
<total>
<stat pass="2" fail="0" skip="0">All Tests</stat>
</total>
<tag>
</tag>
<suite>
<stat pass="2" fail="0" skip="0" id="s1" name="Select">Select</stat>
</suite>
</statistics>
<errors>
</errors>
</robot>
